<?xml version="1.0" encoding="UTF-8"?>
<testsuite xmlns:xsi="http://www.w3.org/2001/XMLSchema-instance" xsi:noNamespaceSchemaLocation="https://maven.apache.org/surefire/maven-surefire-plugin/xsd/surefire-test-report-3.0.xsd" version="3.0" name="com.alexbascevan.profile_website.AlexBascevanProfileWebsiteApplicationTests" time="6.234" tests="1" errors="0" skipped="0" failures="0">
  <properties>
[...]
</properties>
  <testcase name="contextLoads" classname="com.alexbascevan.profile_website.AlexBascevanProfileWebsiteApplicationTests" time="0.536">
    <system-out><![CDATA[10:47:28.513 [main] INFO org.springframework.test.context.support.AnnotationConfigContextLoaderUtils -- Could not detect default configuration classes for test class [com.alexbascevan.profile_website.AlexBascevanProfileWebsiteApplicationTests]: AlexBascevanProfileWebsiteApplicationTests does not declare any static, non-private, non-final, nested classes annotated with @Configuration.
10:47:28.623 [main] INFO org.springframework.boot.test.context.SpringBootTestContextBootstrapper -- Found @SpringBootConfiguration com.alexbascevan.profile_website.AlexBascevanProfileWebsiteApplication for test class com.alexbascevan.profile_website.AlexBascevanProfileWebsiteApplicationTests
10:47:28.855 [main] INFO org.springframework.boot.devtools.restart.RestartApplicationListener -- Restart disabled due to context in which it is running

  .   ____          _            __ _ _
 /\\ / ___'_ __ _ _(_)_ __  __ _ \ \ \ \
( ( )\___ | '_ | '_| | '_ \/ _` | \ \ \ \
 \\/  ___)| |_)| | | | | || (_| |  ) ) ) )
  '  |____| .__|_| |_|_| |_\__, | / / / /
 =========|_|==============|___/=/_/_/_/

 :: Spring Boot ::                (v3.3.3)

2024-09-11T10:47:29.231-04:00  INFO 95785 --- [Alex Bascevan Profile Website] [           main] exBascevanProfileWebsiteApplicationTests : Starting AlexBascevanProfileWebsiteApplicationTests using Java 22.0.2 with PID 95785 (started by alexanderbascevan in /Users/alexanderbascevan/Documents/Portfolio/Website/Portfolio_Website/backend)
2024-09-11T10:47:29.233-04:00  INFO 95785 --- [Alex Bascevan Profile Website] [           main] exBascevanProfileWebsiteApplicationTests : No active profile set, falling back to 1 default profile: "default"
2024-09-11T10:47:30.020-04:00  INFO 95785 --- [Alex Bascevan Profile Website] [           main] .s.d.r.c.RepositoryConfigurationDelegate : Bootstrapping Spring Data JPA repositories in DEFAULT mode.
2024-09-11T10:47:30.081-04:00  INFO 95785 --- [Alex Bascevan Profile Website] [           main] .s.d.r.c.RepositoryConfigurationDelegate : Finished Spring Data repository scanning in 52 ms. Found 2 JPA repository interfaces.
2024-09-11T10:47:30.678-04:00  INFO 95785 --- [Alex Bascevan Profile Website] [           main] com.zaxxer.hikari.HikariDataSource       : HikariPool-1 - Starting...
2024-09-11T10:47:30.895-04:00  INFO 95785 --- [Alex Bascevan Profile Website] [           main] com.zaxxer.hikari.pool.HikariPool        : HikariPool-1 - Added connection conn0: url=jdbc:h2:mem:testdb user=SA
2024-09-11T10:47:30.898-04:00  INFO 95785 --- [Alex Bascevan Profile Website] [           main] com.zaxxer.hikari.HikariDataSource       : HikariPool-1 - Start completed.
2024-09-11T10:47:30.948-04:00  INFO 95785 --- [Alex Bascevan Profile Website] [           main] o.hibernate.jpa.internal.util.LogHelper  : HHH000204: Processing PersistenceUnitInfo [name: default]
2024-09-11T10:47:31.000-04:00  INFO 95785 --- [Alex Bascevan Profile Website] [           main] org.hibernate.Version                    : HHH000412: Hibernate ORM core version 6.5.2.Final
2024-09-11T10:47:31.036-04:00  INFO 95785 --- [Alex Bascevan Profile Website] [           main] o.h.c.internal.RegionFactoryInitiator    : HHH000026: Second-level cache disabled
2024-09-11T10:47:31.420-04:00  INFO 95785 --- [Alex Bascevan Profile Website] [           main] o.s.o.j.p.SpringPersistenceUnitInfo      : No LoadTimeWeaver setup: ignoring JPA class transformer
2024-09-11T10:47:32.465-04:00  INFO 95785 --- [Alex Bascevan Profile Website] [           main] o.h.e.t.j.p.i.JtaPlatformInitiator       : HHH000489: No JTA platform available (set 'hibernate.transaction.jta.platform' to enable JTA platform integration)
2024-09-11T10:47:32.501-04:00  INFO 95785 --- [Alex Bascevan Profile Website] [           main] j.LocalContainerEntityManagerFactoryBean : Initialized JPA EntityManagerFactory for persistence unit 'default'
2024-09-11T10:47:32.882-04:00  WARN 95785 --- [Alex Bascevan Profile Website] [           main] JpaBaseConfiguration$JpaWebConfiguration : spring.jpa.open-in-view is enabled by default. Therefore, database queries may be performed during view rendering. Explicitly configure spring.jpa.open-in-view to disable this warning
2024-09-11T10:47:33.016-04:00  INFO 95785 --- [Alex Bascevan Profile Website] [           main] r$InitializeUserDetailsManagerConfigurer : Global AuthenticationManager configured with UserDetailsService bean with name userDetailsService
2024-09-11T10:47:33.783-04:00  WARN 95785 --- [Alex Bascevan Profile Website] [           main] ion$DefaultTemplateResolverConfiguration : Cannot find template location: classpath:/templates/ (please add some templates, check your Thymeleaf configuration, or set spring.thymeleaf.check-template-location=false)
2024-09-11T10:47:33.881-04:00  INFO 95785 --- [Alex Bascevan Profile Website] [           main] o.s.b.a.h2.H2ConsoleAutoConfiguration    : H2 console available at '/h2-console'. Database available at 'jdbc:h2:mem:testdb'
2024-09-11T10:47:33.966-04:00  INFO 95785 --- [Alex Bascevan Profile Website] [           main] exBascevanProfileWebsiteApplicationTests : Started AlexBascevanProfileWebsiteApplicationTests in 5.126 seconds (process running for 6.29)
]]></system-out>
    <system-err><![CDATA[WARNING: A Java agent has been loaded dynamically (/Users/alexanderbascevan/.m2/repository/net/bytebuddy/byte-buddy-agent/1.14.19/byte-buddy-agent-1.14.19.jar)
WARNING: If a serviceability tool is in use, please run with -XX:+EnableDynamicAgentLoading to hide this warning
WARNING: If a serviceability tool is not in use, please run with -Djdk.instrument.traceUsage for more information
WARNING: Dynamic loading of agents will be disallowed by default in a future release
]]></system-err>
  </testcase>
</testsuite>